<?xml version="1.0" encoding="UTF-8"?>
<testng-results skipped="0" failed="0" ignored="0" total="3" passed="3">
  <reporter-output>
  </reporter-output>
  <suite name="API Testing Suite" duration-ms="5604" started-at="2019-04-28T19:40:36Z" finished-at="2019-04-28T19:40:41Z">
    <groups>
    </groups>
    <test name="APITest" duration-ms="5604" started-at="2019-04-28T19:40:36Z" finished-at="2019-04-28T19:40:41Z">
      <class name="com.assure.test.AssureAcceptanceTest">
        <test-method status="PASS" signature="setup()[pri:0, instance:com.assure.test.AssureAcceptanceTest@458ad742]" name="setup" is-config="true" duration-ms="4824" started-at="2019-04-29T01:10:36Z" finished-at="2019-04-29T01:10:41Z">
          <reporter-output>
          </reporter-output>
        </test-method> <!-- setup -->
        <test-method status="PASS" signature="verifyCanRelistAcceptanceTest(java.lang.String, java.lang.String)[pri:0, instance:com.assure.test.AssureAcceptanceTest@458ad742]" name="verifyCanRelistAcceptanceTest" duration-ms="139" started-at="2019-04-29T01:10:41Z" data-provider="TestData" finished-at="2019-04-29T01:10:41Z">
          <params>
            <param index="0">
              <value>
                <![CDATA[CanRelist]]>
              </value>
            </param>
            <param index="1">
              <value>
                <![CDATA[true]]>
              </value>
            </param>
          </params>
          <reporter-output>
          </reporter-output>
        </test-method> <!-- verifyCanRelistAcceptanceTest -->
        <test-method status="PASS" signature="verifyGalleryDescriptionAcceptanceTest(java.lang.String, java.lang.String, java.lang.String, java.lang.String, java.lang.String)[pri:0, instance:com.assure.test.AssureAcceptanceTest@458ad742]" name="verifyGalleryDescriptionAcceptanceTest" duration-ms="28" started-at="2019-04-29T01:10:41Z" data-provider="TestData" finished-at="2019-04-29T01:10:41Z">
          <params>
            <param index="0">
              <value>
                <![CDATA[Name]]>
              </value>
            </param>
            <param index="1">
              <value>
                <![CDATA[Gallery]]>
              </value>
            </param>
            <param index="2">
              <value>
                <![CDATA[Promotions]]>
              </value>
            </param>
            <param index="3">
              <value>
                <![CDATA[Description]]>
              </value>
            </param>
            <param index="4">
              <value>
                <![CDATA[2x larger image]]>
              </value>
            </param>
          </params>
          <reporter-output>
          </reporter-output>
        </test-method> <!-- verifyGalleryDescriptionAcceptanceTest -->
        <test-method status="PASS" signature="verifyNameAcceptanceTest(java.lang.String, java.lang.String)[pri:0, instance:com.assure.test.AssureAcceptanceTest@458ad742]" name="verifyNameAcceptanceTest" duration-ms="1" started-at="2019-04-29T01:10:41Z" data-provider="TestData" finished-at="2019-04-29T01:10:41Z">
          <params>
            <param index="0">
              <value>
                <![CDATA[Name]]>
              </value>
            </param>
            <param index="1">
              <value>
                <![CDATA[Carbon credits]]>
              </value>
            </param>
          </params>
          <reporter-output>
          </reporter-output>
        </test-method> <!-- verifyNameAcceptanceTest -->
        <test-method status="PASS" signature="afterTest()[pri:0, instance:com.assure.test.AssureAcceptanceTest@458ad742]" name="afterTest" is-config="true" duration-ms="0" started-at="2019-04-29T01:10:41Z" finished-at="2019-04-29T01:10:41Z">
          <reporter-output>
          </reporter-output>
        </test-method> <!-- afterTest -->
      </class> <!-- com.assure.test.AssureAcceptanceTest -->
    </test> <!-- APITest -->
  </suite> <!-- API Testing Suite -->
</testng-results>
