<?xml version="1.0" encoding="UTF-8"?>
<!-- Generated by org.testng.reporters.JUnitXMLReporter -->
<testsuite hostname="LAPTOP-6J2R3I92" ignored="0" name="APITest" tests="3" failures="0" timestamp="28 Apr 2019 19:40:41 GMT" time="5.604" errors="0">
  <testcase name="verifyCanRelistAcceptanceTest" time="0.139" classname="com.assure.test.AssureAcceptanceTest"/>
  <testcase name="verifyGalleryDescriptionAcceptanceTest" time="0.028" classname="com.assure.test.AssureAcceptanceTest"/>
  <testcase name="verifyNameAcceptanceTest" time="0.001" classname="com.assure.test.AssureAcceptanceTest"/>
</testsuite> <!-- APITest -->
